Got NUMBER(F(1/1))
Returned NUMBER(F(1/1))
Got NUMBER(F(1/1))
Returned NUMBER(F(1/1))
Got NUMBER(F(1/1))
Got ADDOP(+)
Returned ADDOP(+)
Got ADDOP(+)
Got NUMBER(F(1/1))
Returned NUMBER(F(1/1))
Got NUMBER(F(1/1))
Got CHAR(#)
Returned CHAR(#)
Got CHAR(#)
Returned CHAR(#)
Got CHAR(#)
Returned CHAR(#)
Got CHAR(#)
Got CHAR(t)
Got CHAR(h)
Got CHAR(i)
Got CHAR(s)
Got CHAR(i)
Got CHAR(s)
Got CHAR(a)
Got CHAR(c)
Got CHAR(o)
Got CHAR(m)
Got CHAR(m)
Got CHAR(e)
Got CHAR(n)
Got CHAR(t)
Got EOL(EOL)
Got NUMBER(F(2/1))
Returned NUMBER(F(2/1))
Got NUMBER(F(2/1))
Returned NUMBER(F(2/1))
Got NUMBER(F(2/1))
Got MULTOP(*)
Got NUMBER(F(7/1))
Got EOL(EOL)
Returned EOL(EOL)
Got EOL(EOL)
Returned EOL(EOL)
Got EOL(EOL)
Returned EOL(EOL)
Got EOL(EOL)
Got NUMBER(F(1/1))
Returned NUMBER(F(1/1))
Got NUMBER(F(1/1))
Returned NUMBER(F(1/1))
Got NUMBER(F(1/1))
Got ADDOP(+)
Returned ADDOP(+)
Got ADDOP(+)
Got NUMBER(F(2/1))
Returned NUMBER(F(2/1))
Got NUMBER(F(2/1))
Got MULTOP(*)
Got LPAR(()
Returned LPAR(()
Got LPAR(()
Returned LPAR(()
Got LPAR(()
Got EOL(EOL)
Returned EOL(EOL)
Got EOL(EOL)
Returned EOL(EOL)
Got EOL(EOL)
Returned EOL(EOL)
Got EOL(EOL)
Returned EOL(EOL)
Got EOL(EOL)
Returned EOL(EOL)
Error at Line 3, Column 5: Expecting NUMBER or '('
Got EOL(EOL)
Got END(END)
Returned END(END)
Got END(END)
Returned END(END)
Got END(END)
Returned END(END)
Got END(END)
Returned END(END)
Got END(END)
Returned END(END)
Error at Line 4, Column 0: Expecting NUMBER or '('
Got END(END)
Got EOL(EOL)
